<?xml version="1.0" encoding="UTF-8"?>
<!-- Generated by org.testng.reporters.JUnitReportReporter -->
<testsuite hostname="DESKTOP-MRFTPC4" failures="0" tests="3" name="tastecases.DashboardPageTest" time="25.108" errors="0" timestamp="2022-08-22T12:39:21 IST" skipped="0">
  <testcase classname="tastecases.DashboardPageTest" name="verifyerifyUserIdTest" time="9.679"/>
  <testcase classname="tastecases.DashboardPageTest" name="veryfyLogoutLinkTest" time="8.229"/>
  <testcase classname="tastecases.DashboardPageTest" name="verifyNickNameTest" time="7.200"/>
</testsuite> <!-- tastecases.DashboardPageTest -->
